<?xml version="1.0" encoding="UTF-8"?>
<testsuites name="jest tests" tests="2697" failures="0" errors="0" time="79.745">
  <testsuite name="Message Manager" errors="0" failures="0" skipped="0" timestamp="2022-09-23T13:21:42" time="3.574" tests="7">
    <testcase classname="Message Manager #getMsgList when new should return empty array" name="Message Manager #getMsgList when new should return empty array" time="0.002">
    </testcase>
    <testcase classname="Message Manager #addMsg adds a Msg returned in getMsgList" name="Message Manager #addMsg adds a Msg returned in getMsgList" time="0.001">
    </testcase>
    <testcase classname="Message Manager #setMsgStatusApproved sets the Msg status to approved" name="Message Manager #setMsgStatusApproved sets the Msg status to approved" time="0.001">
    </testcase>
    <testcase classname="Message Manager #rejectMsg sets the Msg status to rejected" name="Message Manager #rejectMsg sets the Msg status to rejected" time="0.001">
    </testcase>
    <testcase classname="Message Manager #_updateMsg replaces the Msg with the same id" name="Message Manager #_updateMsg replaces the Msg with the same id" time="0">
    </testcase>
    <testcase classname="Message Manager #getUnapprovedMsgs returns unapproved Msgs in a hash" name="Message Manager #getUnapprovedMsgs returns unapproved Msgs in a hash" time="0.004">
    </testcase>
    <testcase classname="Message Manager #getMsg returns a Msg with the requested id" name="Message Manager #getMsg returns a Msg with the requested id" time="0.001">
    </testcase>
  </testsuite>
  <testsuite name="TransactionList" errors="0" failures="0" skipped="0" timestamp="2022-09-23T13:21:42" time="3.604" tests="1">
    <testcase classname="TransactionList renders TransactionList component and shows You have no transactions text" name="TransactionList renders TransactionList component and shows You have no transactions text" time="0.017">
    </testcase>
  </testsuite>
  <testsuite name="TransactionListItem" errors="0" failures="0" skipped="0" timestamp="2022-09-23T13:21:42" time="3.709" tests="3">
    <testcase classname="TransactionListItem when account has insufficient balance to cover gas should indicate account has insufficient funds to cover gas price for cancellation of pending transaction" name="TransactionListItem when account has insufficient balance to cover gas should indicate account has insufficient funds to cover gas price for cancellation of pending transaction" time="0.053">
    </testcase>
    <testcase classname="TransactionListItem when account has insufficient balance to cover gas should not disable &quot;cancel&quot; button when user has sufficient funds" name="TransactionListItem when account has insufficient balance to cover gas should not disable &quot;cancel&quot; button when user has sufficient funds" time="0.009">
    </testcase>
    <testcase classname="TransactionListItem when account has insufficient balance to cover gas should open the edit gas popover when cancel is clicked" name="TransactionListItem when account has insufficient balance to cover gas should open the edit gas popover when cancel is clicked" time="0.046">
    </testcase>
  </testsuite>
  <testsuite name="Actions" errors="0" failures="0" skipped="0" timestamp="2022-09-23T13:21:42" time="4.242" tests="67">
    <testcase classname="Actions #tryUnlockMetamask calls submitPassword" name="Actions #tryUnlockMetamask calls submitPassword" time="0.014">
    </testcase>
    <testcase classname="Actions #tryUnlockMetamask errors on submitPassword will fail" name="Actions #tryUnlockMetamask errors on submitPassword will fail" time="0.026">
    </testcase>
    <testcase classname="Actions #createNewVaultAndRestore calls createNewVaultAndRestore" name="Actions #createNewVaultAndRestore calls createNewVaultAndRestore" time="0.017">
    </testcase>
    <testcase classname="Actions #createNewVaultAndRestore calls the expected actions" name="Actions #createNewVaultAndRestore calls the expected actions" time="0.008">
    </testcase>
    <testcase classname="Actions #createNewVaultAndRestore errors when callback in createNewVaultAndRestore throws" name="Actions #createNewVaultAndRestore errors when callback in createNewVaultAndRestore throws" time="0.011">
    </testcase>
    <testcase classname="Actions #requestRevealSeedWords calls verifyPassword in background" name="Actions #requestRevealSeedWords calls verifyPassword in background" time="0.006">
    </testcase>
    <testcase classname="Actions #requestRevealSeedWords displays warning error message then callback in background errors" name="Actions #requestRevealSeedWords displays warning error message then callback in background errors" time="0.011">
    </testcase>
    <testcase classname="Actions #removeAccount calls removeAccount in background and expect actions to show account" name="Actions #removeAccount calls removeAccount in background and expect actions to show account" time="0.007">
    </testcase>
    <testcase classname="Actions #removeAccount displays warning error message when removeAccount callback errors" name="Actions #removeAccount displays warning error message when removeAccount callback errors" time="0.02">
    </testcase>
    <testcase classname="Actions #resetAccount resets account" name="Actions #resetAccount resets account" time="0.017">
    </testcase>
    <testcase classname="Actions #resetAccount throws if resetAccount throws" name="Actions #resetAccount throws if resetAccount throws" time="0.009">
    </testcase>
    <testcase classname="Actions #importNewAccount calls importAccountWithStrategies in background" name="Actions #importNewAccount calls importAccountWithStrategies in background" time="0.011">
    </testcase>
    <testcase classname="Actions #importNewAccount displays warning error message when importAccount in background callback errors" name="Actions #importNewAccount displays warning error message when importAccount in background callback errors" time="0.007">
    </testcase>
    <testcase classname="Actions #addNewAccount adds a new account" name="Actions #addNewAccount adds a new account" time="0.007">
    </testcase>
    <testcase classname="Actions #addNewAccount displays warning error message when addNewAccount in background callback errors" name="Actions #addNewAccount displays warning error message when addNewAccount in background callback errors" time="0.01">
    </testcase>
    <testcase classname="Actions #checkHardwareStatus calls checkHardwareStatus in background" name="Actions #checkHardwareStatus calls checkHardwareStatus in background" time="0.006">
    </testcase>
    <testcase classname="Actions #checkHardwareStatus shows loading indicator and displays error" name="Actions #checkHardwareStatus shows loading indicator and displays error" time="0.007">
    </testcase>
    <testcase classname="Actions #forgetDevice calls forgetDevice in background" name="Actions #forgetDevice calls forgetDevice in background" time="0.006">
    </testcase>
    <testcase classname="Actions #forgetDevice shows loading indicator and displays error" name="Actions #forgetDevice shows loading indicator and displays error" time="0.011">
    </testcase>
    <testcase classname="Actions #connectHardware calls connectHardware in background" name="Actions #connectHardware calls connectHardware in background" time="0.007">
    </testcase>
    <testcase classname="Actions #connectHardware shows loading indicator and displays error" name="Actions #connectHardware shows loading indicator and displays error" time="0.006">
    </testcase>
    <testcase classname="Actions #unlockHardwareWalletAccount calls unlockHardwareWalletAccount in background" name="Actions #unlockHardwareWalletAccount calls unlockHardwareWalletAccount in background" time="0.005">
    </testcase>
    <testcase classname="Actions #unlockHardwareWalletAccount shows loading indicator and displays error" name="Actions #unlockHardwareWalletAccount shows loading indicator and displays error" time="0.013">
    </testcase>
    <testcase classname="Actions #setCurrentCurrency calls setCurrentCurrency" name="Actions #setCurrentCurrency calls setCurrentCurrency" time="0.014">
    </testcase>
    <testcase classname="Actions #setCurrentCurrency throws if setCurrentCurrency throws" name="Actions #setCurrentCurrency throws if setCurrentCurrency throws" time="0.007">
    </testcase>
    <testcase classname="Actions #signMsg calls signMsg in background" name="Actions #signMsg calls signMsg in background" time="0.014">
    </testcase>
    <testcase classname="Actions #signMsg errors when signMessage in background throws" name="Actions #signMsg errors when signMessage in background throws" time="0.046">
    </testcase>
    <testcase classname="Actions #signPersonalMsg calls signPersonalMessage" name="Actions #signPersonalMsg calls signPersonalMessage" time="0.008">
    </testcase>
    <testcase classname="Actions #signPersonalMsg throws if signPersonalMessage throws" name="Actions #signPersonalMsg throws if signPersonalMessage throws" time="0.008">
    </testcase>
    <testcase classname="Actions #signTypedMsg calls signTypedMsg in background with no error" name="Actions #signTypedMsg calls signTypedMsg in background with no error" time="0.006">
    </testcase>
    <testcase classname="Actions #signTypedMsg returns expected actions with error" name="Actions #signTypedMsg returns expected actions with error" time="0.007">
    </testcase>
    <testcase classname="Actions #updateTransaction updates transaction" name="Actions #updateTransaction updates transaction" time="0.005">
    </testcase>
    <testcase classname="Actions #updateTransaction rejects with error message" name="Actions #updateTransaction rejects with error message" time="0.006">
    </testcase>
    <testcase classname="Actions #lockMetamask calls setLocked" name="Actions #lockMetamask calls setLocked" time="0.006">
    </testcase>
    <testcase classname="Actions #lockMetamask returns display warning error with value when setLocked in background callback errors" name="Actions #lockMetamask returns display warning error with value when setLocked in background callback errors" time="0.005">
    </testcase>
    <testcase classname="Actions #setSelectedAddress calls setSelectedAddress in background" name="Actions #setSelectedAddress calls setSelectedAddress in background" time="0.009">
    </testcase>
    <testcase classname="Actions #setSelectedAddress errors when setSelectedAddress throws" name="Actions #setSelectedAddress errors when setSelectedAddress throws" time="0.005">
    </testcase>
    <testcase classname="Actions #showAccountDetail #showAccountDetail" name="Actions #showAccountDetail #showAccountDetail" time="0.008">
    </testcase>
    <testcase classname="Actions #showAccountDetail displays warning if setSelectedAddress throws" name="Actions #showAccountDetail displays warning if setSelectedAddress throws" time="0.018">
    </testcase>
    <testcase classname="Actions #addToken calls addToken in background" name="Actions #addToken calls addToken in background" time="0.007">
    </testcase>
    <testcase classname="Actions #addToken expected actions" name="Actions #addToken expected actions" time="0.007">
    </testcase>
    <testcase classname="Actions #ignoreTokens calls ignoreTokens in background" name="Actions #ignoreTokens calls ignoreTokens in background" time="0.011">
    </testcase>
    <testcase classname="Actions #ignoreTokens should display warning when ignoreTokens in background fails" name="Actions #ignoreTokens should display warning when ignoreTokens in background fails" time="0.009">
    </testcase>
    <testcase classname="Actions #setProviderType calls setProviderType" name="Actions #setProviderType calls setProviderType" time="0.006">
    </testcase>
    <testcase classname="Actions #setProviderType displays warning when setProviderType throws" name="Actions #setProviderType displays warning when setProviderType throws" time="0.011">
    </testcase>
    <testcase classname="Actions #setRpcTarget calls setRpcTarget" name="Actions #setRpcTarget calls setRpcTarget" time="0.007">
    </testcase>
    <testcase classname="Actions #setRpcTarget displays warning when setRpcTarget throws" name="Actions #setRpcTarget displays warning when setRpcTarget throws" time="0.006">
    </testcase>
    <testcase classname="Actions #addToAddressBook calls setAddressBook" name="Actions #addToAddressBook calls setAddressBook" time="0.007">
    </testcase>
    <testcase classname="Actions #exportAccount returns expected actions for successful action" name="Actions #exportAccount returns expected actions for successful action" time="0.015">
    </testcase>
    <testcase classname="Actions #exportAccount returns action errors when first func callback errors" name="Actions #exportAccount returns action errors when first func callback errors" time="0.006">
    </testcase>
    <testcase classname="Actions #exportAccount returns action errors when second func callback errors" name="Actions #exportAccount returns action errors when second func callback errors" time="0.007">
    </testcase>
    <testcase classname="Actions #setAccountLabel calls setAccountLabel" name="Actions #setAccountLabel calls setAccountLabel" time="0.007">
    </testcase>
    <testcase classname="Actions #setAccountLabel returns action errors when func callback errors" name="Actions #setAccountLabel returns action errors when func callback errors" time="0.018">
    </testcase>
    <testcase classname="Actions #setFeatureFlag calls setFeatureFlag in the background" name="Actions #setFeatureFlag calls setFeatureFlag in the background" time="0.006">
    </testcase>
    <testcase classname="Actions #setFeatureFlag errors when setFeatureFlag in background throws" name="Actions #setFeatureFlag errors when setFeatureFlag in background throws" time="0.008">
    </testcase>
    <testcase classname="Actions #setCompletedOnboarding completes onboarding" name="Actions #setCompletedOnboarding completes onboarding" time="0.007">
    </testcase>
    <testcase classname="Actions #setCompletedOnboarding errors when setCompletedOnboarding in background throws" name="Actions #setCompletedOnboarding errors when setCompletedOnboarding in background throws" time="0.011">
    </testcase>
    <testcase classname="Actions #setUseBlockie calls setUseBlockie in background" name="Actions #setUseBlockie calls setUseBlockie in background" time="0.006">
    </testcase>
    <testcase classname="Actions #setUseBlockie errors when setUseBlockie in background throws" name="Actions #setUseBlockie errors when setUseBlockie in background throws" time="0.006">
    </testcase>
    <testcase classname="Actions #updateCurrentLocale calls expected actions" name="Actions #updateCurrentLocale calls expected actions" time="0.008">
    </testcase>
    <testcase classname="Actions #updateCurrentLocale errors when setCurrentLocale throws" name="Actions #updateCurrentLocale errors when setCurrentLocale throws" time="0.009">
    </testcase>
    <testcase classname="Actions #markPasswordForgotten calls markPasswordForgotten" name="Actions #markPasswordForgotten calls markPasswordForgotten" time="0.007">
    </testcase>
    <testcase classname="Actions #markPasswordForgotten errors when markPasswordForgotten throws" name="Actions #markPasswordForgotten errors when markPasswordForgotten throws" time="0.008">
    </testcase>
    <testcase classname="Actions #unMarkPasswordForgotten calls unMarkPasswordForgotten" name="Actions #unMarkPasswordForgotten calls unMarkPasswordForgotten" time="0.006">
    </testcase>
    <testcase classname="Actions #displayWarning sets appState.warning to provided value" name="Actions #displayWarning sets appState.warning to provided value" time="0.008">
    </testcase>
    <testcase classname="Actions #cancelTx creates COMPLETED_TX with the cancelled transaction ID" name="Actions #cancelTx creates COMPLETED_TX with the cancelled transaction ID" time="0.009">
    </testcase>
    <testcase classname="Actions #cancelMsgs creates COMPLETED_TX with the cancelled messages IDs" name="Actions #cancelMsgs creates COMPLETED_TX with the cancelled messages IDs" time="0.008">
    </testcase>
  </testsuite>
  <testsuite name="MetaMetricsOptIn" errors="0" failures="0" skipped="0" timestamp="2022-09-23T13:21:46" time="1.202" tests="1">
    <testcase classname="MetaMetricsOptIn opt out of MetaMetrics" name="MetaMetricsOptIn opt out of MetaMetrics" time="0.035">
    </testcase>
  </testsuite>
  <testsuite name="UpdateNicknamePopover" errors="0" failures="0" skipped="0" timestamp="2022-09-23T13:21:46" time="1.29" tests="1">
    <testcase classname="UpdateNicknamePopover renders UpdateNicknamePopover component and shows This is a memo text" name="UpdateNicknamePopover renders UpdateNicknamePopover component and shows This is a memo text" time="0.038">
    </testcase>
  </testsuite>
  <testsuite name="SeedPhraseVerifier" errors="0" failures="0" skipped="0" timestamp="2022-09-23T13:21:42" time="5.696" tests="7">
    <testcase classname="SeedPhraseVerifier verifyAccounts should be able to verify created account with seed words" name="SeedPhraseVerifier verifyAccounts should be able to verify created account with seed words" time="0.773">
    </testcase>
    <testcase classname="SeedPhraseVerifier verifyAccounts should be able to verify created account (upper case) with seed words" name="SeedPhraseVerifier verifyAccounts should be able to verify created account (upper case) with seed words" time="0.544">
    </testcase>
    <testcase classname="SeedPhraseVerifier verifyAccounts should be able to verify created account (lower case) with seed words" name="SeedPhraseVerifier verifyAccounts should be able to verify created account (lower case) with seed words" time="0.545">
    </testcase>
    <testcase classname="SeedPhraseVerifier verifyAccounts should return error with good but different seed words" name="SeedPhraseVerifier verifyAccounts should return error with good but different seed words" time="0.559">
    </testcase>
    <testcase classname="SeedPhraseVerifier verifyAccounts should return error with undefined existing accounts" name="SeedPhraseVerifier verifyAccounts should return error with undefined existing accounts" time="0.327">
    </testcase>
    <testcase classname="SeedPhraseVerifier verifyAccounts should return error with empty accounts array" name="SeedPhraseVerifier verifyAccounts should return error with empty accounts array" time="0.336">
    </testcase>
    <testcase classname="SeedPhraseVerifier verifyAccounts should be able to verify more than one created account with seed words" name="SeedPhraseVerifier verifyAccounts should be able to verify more than one created account with seed words" time="0.828">
    </testcase>
  </testsuite>
  <testsuite name="PermissionController specifications" errors="0" failures="0" skipped="0" timestamp="2022-09-23T13:21:46" time="1.157" tests="17">
    <testcase classname="PermissionController specifications caveat specifications getCaveatSpecifications returns the expected specifications object" name="PermissionController specifications caveat specifications getCaveatSpecifications returns the expected specifications object" time="0.002">
    </testcase>
    <testcase classname="PermissionController specifications caveat specifications restrictReturnedAccounts decorator returns the first array member included in the caveat value" name="PermissionController specifications caveat specifications restrictReturnedAccounts decorator returns the first array member included in the caveat value" time="0.001">
    </testcase>
    <testcase classname="PermissionController specifications caveat specifications restrictReturnedAccounts decorator returns an empty array if no array members are included in the caveat value" name="PermissionController specifications caveat specifications restrictReturnedAccounts decorator returns an empty array if no array members are included in the caveat value" time="0">
    </testcase>
    <testcase classname="PermissionController specifications caveat specifications restrictReturnedAccounts decorator returns an empty array if the method result is an empty array" name="PermissionController specifications caveat specifications restrictReturnedAccounts decorator returns an empty array if the method result is an empty array" time="0.001">
    </testcase>
    <testcase classname="PermissionController specifications caveat specifications restrictReturnedAccounts validator rejects invalid array values" name="PermissionController specifications caveat specifications restrictReturnedAccounts validator rejects invalid array values" time="0.004">
    </testcase>
    <testcase classname="PermissionController specifications caveat specifications restrictReturnedAccounts validator rejects falsy or non-string addresses" name="PermissionController specifications caveat specifications restrictReturnedAccounts validator rejects falsy or non-string addresses" time="0.002">
    </testcase>
    <testcase classname="PermissionController specifications caveat specifications restrictReturnedAccounts validator rejects addresses that have no corresponding identity" name="PermissionController specifications caveat specifications restrictReturnedAccounts validator rejects addresses that have no corresponding identity" time="0">
    </testcase>
    <testcase classname="PermissionController specifications permission specifications getPermissionSpecifications returns the expected specifications object" name="PermissionController specifications permission specifications getPermissionSpecifications returns the expected specifications object" time="0">
    </testcase>
    <testcase classname="PermissionController specifications permission specifications eth_accounts factory constructs a valid eth_accounts permission" name="PermissionController specifications permission specifications eth_accounts factory constructs a valid eth_accounts permission" time="0.003">
    </testcase>
    <testcase classname="PermissionController specifications permission specifications eth_accounts factory throws an error if no approvedAccounts are specified" name="PermissionController specifications permission specifications eth_accounts factory throws an error if no approvedAccounts are specified" time="0.002">
    </testcase>
    <testcase classname="PermissionController specifications permission specifications eth_accounts factory throws an error if any caveats are specified directly" name="PermissionController specifications permission specifications eth_accounts factory throws an error if any caveats are specified directly" time="0">
    </testcase>
    <testcase classname="PermissionController specifications permission specifications eth_accounts methodImplementation returns the keyring accounts in lastSelected order" name="PermissionController specifications permission specifications eth_accounts methodImplementation returns the keyring accounts in lastSelected order" time="0.007">
    </testcase>
    <testcase classname="PermissionController specifications permission specifications eth_accounts methodImplementation throws if a keyring account is missing an address (case 1)" name="PermissionController specifications permission specifications eth_accounts methodImplementation throws if a keyring account is missing an address (case 1)" time="0.001">
    </testcase>
    <testcase classname="PermissionController specifications permission specifications eth_accounts methodImplementation throws if a keyring account is missing an address (case 2)" name="PermissionController specifications permission specifications eth_accounts methodImplementation throws if a keyring account is missing an address (case 2)" time="0">
    </testcase>
    <testcase classname="PermissionController specifications permission specifications eth_accounts validator accepts valid permissions" name="PermissionController specifications permission specifications eth_accounts validator accepts valid permissions" time="0">
    </testcase>
    <testcase classname="PermissionController specifications permission specifications eth_accounts validator rejects invalid caveats" name="PermissionController specifications permission specifications eth_accounts validator rejects invalid caveats" time="0.001">
    </testcase>
    <testcase classname="PermissionController specifications unrestricted methods defines the unrestricted methods" name="PermissionController specifications unrestricted methods defines the unrestricted methods" time="0">
    </testcase>
  </testsuite>
  <testsuite name="Transaction.utils" errors="0" failures="0" skipped="0" timestamp="2022-09-23T13:21:42" time="5.723" tests="18">
    <testcase classname="Transaction.utils parseStandardTokenTransactionData should return token data" name="Transaction.utils parseStandardTokenTransactionData should return token data" time="0.01">
    </testcase>
    <testcase classname="Transaction.utils parseStandardTokenTransactionData should not throw errors when called without arguments" name="Transaction.utils parseStandardTokenTransactionData should not throw errors when called without arguments" time="0.001">
    </testcase>
    <testcase classname="Transaction.utils isEIP1559Transaction should return true if both maxFeePerGas and maxPriorityFeePerGas are hex strings" name="Transaction.utils isEIP1559Transaction should return true if both maxFeePerGas and maxPriorityFeePerGas are hex strings" time="0">
    </testcase>
    <testcase classname="Transaction.utils isEIP1559Transaction should return false if either maxFeePerGas and maxPriorityFeePerGas are non-hex strings" name="Transaction.utils isEIP1559Transaction should return false if either maxFeePerGas and maxPriorityFeePerGas are non-hex strings" time="0">
    </testcase>
    <testcase classname="Transaction.utils isEIP1559Transaction should return false if either maxFeePerGas or maxPriorityFeePerGas are not supplied" name="Transaction.utils isEIP1559Transaction should return false if either maxFeePerGas or maxPriorityFeePerGas are not supplied" time="0.001">
    </testcase>
    <testcase classname="Transaction.utils isLegacyTransaction should return true if no gas related fields are supplied" name="Transaction.utils isLegacyTransaction should return true if no gas related fields are supplied" time="0">
    </testcase>
    <testcase classname="Transaction.utils isLegacyTransaction should return true if gasPrice is solely provided" name="Transaction.utils isLegacyTransaction should return true if gasPrice is solely provided" time="0">
    </testcase>
    <testcase classname="Transaction.utils isLegacyTransaction should return false if gasPrice is not a hex string" name="Transaction.utils isLegacyTransaction should return false if gasPrice is not a hex string" time="0">
    </testcase>
    <testcase classname="Transaction.utils isLegacyTransaction should return false if either maxFeePerGas or maxPriorityFeePerGas are supplied" name="Transaction.utils isLegacyTransaction should return false if either maxFeePerGas or maxPriorityFeePerGas are supplied" time="0">
    </testcase>
    <testcase classname="Transaction.utils determineTransactionType should return a simple send type when to is truthy and is not a contract address" name="Transaction.utils determineTransactionType should return a simple send type when to is truthy and is not a contract address" time="0.386">
    </testcase>
    <testcase classname="Transaction.utils determineTransactionType should return a token transfer type when the recipient is a contract and data is for the respective method call" name="Transaction.utils determineTransactionType should return a token transfer type when the recipient is a contract and data is for the respective method call" time="0.385">
    </testcase>
    <testcase classname="Transaction.utils determineTransactionType should NOT return a token transfer type when the recipient is not a contract but the data matches the respective method call" name="Transaction.utils determineTransactionType should NOT return a token transfer type when the recipient is not a contract but the data matches the respective method call" time="0.417">
    </testcase>
    <testcase classname="Transaction.utils determineTransactionType should return a token approve type when when the recipient is a contract and data is for the respective method call" name="Transaction.utils determineTransactionType should return a token approve type when when the recipient is a contract and data is for the respective method call" time="0.471">
    </testcase>
    <testcase classname="Transaction.utils determineTransactionType should return a contract deployment type when to is falsy and there is data" name="Transaction.utils determineTransactionType should return a contract deployment type when to is falsy and there is data" time="0.001">
    </testcase>
    <testcase classname="Transaction.utils determineTransactionType should return a simple send type with a 0x getCodeResponse when there is data and but the to address is not a contract address" name="Transaction.utils determineTransactionType should return a simple send type with a 0x getCodeResponse when there is data and but the to address is not a contract address" time="0.201">
    </testcase>
    <testcase classname="Transaction.utils determineTransactionType should return a simple send type with a null getCodeResponse when to is truthy and there is data and but getCode returns an error" name="Transaction.utils determineTransactionType should return a simple send type with a null getCodeResponse when to is truthy and there is data and but getCode returns an error" time="0.415">
    </testcase>
    <testcase classname="Transaction.utils determineTransactionType should return a contract interaction type with the correct getCodeResponse when to is truthy and there is data and it is not a token transaction" name="Transaction.utils determineTransactionType should return a contract interaction type with the correct getCodeResponse when to is truthy and there is data and it is not a token transaction" time="0.373">
    </testcase>
    <testcase classname="Transaction.utils determineTransactionType should return a contract interaction type with the correct getCodeResponse when to is a contract address and data is falsy" name="Transaction.utils determineTransactionType should return a contract interaction type with the correct getCodeResponse when to is a contract address and data is falsy" time="0.403">
    </testcase>
  </testsuite>
  <testsuite name="createInfuraClient" errors="0" failures="0" skipped="0" timestamp="2022-09-23T13:21:46" time="2.354" tests="254">
    <testcase classname="createInfuraClient RPC methods supported by Infura and listed in the JSON-RPC spec eth_accounts attempts to pass the request off to Infura" name="createInfuraClient RPC methods supported by Infura and listed in the JSON-RPC spec eth_accounts attempts to pass the request off to Infura" time="0.016">
    </testcase>
    <testcase classname="createInfuraClient RPC methods supported by Infura and listed in the JSON-RPC spec eth_blockNumber does not hit Infura more than once for identical requests" name="createInfuraClient RPC methods supported by Infura and listed in the JSON-RPC spec eth_blockNumber does not hit Infura more than once for identical requests" time="0.011">
    </testcase>
    <testcase classname="createInfuraClient RPC methods supported by Infura and listed in the JSON-RPC spec eth_blockNumber hits Infura and does not reuse the result of a previous request if the latest block number was updated since" name="createInfuraClient RPC methods supported by Infura and listed in the JSON-RPC spec eth_blockNumber hits Infura and does not reuse the result of a previous request if the latest block number was updated since" time="0.007">
    </testcase>
    <testcase classname="createInfuraClient RPC methods supported by Infura and listed in the JSON-RPC spec eth_blockNumber does not reuse the result of a previous request if it was `null`" name="createInfuraClient RPC methods supported by Infura and listed in the JSON-RPC spec eth_blockNumber does not reuse the result of a previous request if it was `null`" time="0.01">
    </testcase>
    <testcase classname="createInfuraClient RPC methods supported by Infura and listed in the JSON-RPC spec eth_blockNumber does not reuse the result of a previous request if it was `undefined`" name="createInfuraClient RPC methods supported by Infura and listed in the JSON-RPC spec eth_blockNumber does not reuse the result of a previous request if it was `undefined`" time="0.006">
    </testcase>
    <testcase classname="createInfuraClient RPC methods supported by Infura and listed in the JSON-RPC spec eth_blockNumber does not reuse the result of a previous request if it was `&lt;nil&gt;`" name="createInfuraClient RPC methods supported by Infura and listed in the JSON-RPC spec eth_blockNumber does not reuse the result of a previous request if it was `&lt;nil&gt;`" time="0.006">
    </testcase>
    <testcase classname="createInfuraClient RPC methods supported by Infura and listed in the JSON-RPC spec eth_call given no block tag does not hit Infura more than once for identical requests" name="createInfuraClient RPC methods supported by Infura and listed in the JSON-RPC spec eth_call given no block tag does not hit Infura more than once for identical requests" time="0.008">
    </testcase>
    <testcase classname="createInfuraClient RPC methods supported by Infura and listed in the JSON-RPC spec eth_call given no block tag hits Infura and does not reuse the result of a previous request if the latest block number was updated since" name="createInfuraClient RPC methods supported by Infura and listed in the JSON-RPC spec eth_call given no block tag hits Infura and does not reuse the result of a previous request if the latest block number was updated since" time="0.016">
    </testcase>
    <testcase classname="createInfuraClient RPC methods supported by Infura and listed in the JSON-RPC spec eth_call given no block tag does not reuse the result of a previous request if it was `null`" name="createInfuraClient RPC methods supported by Infura and listed in the JSON-RPC spec eth_call given no block tag does not reuse the result of a previous request if it was `null`" time="0.008">
    </testcase>
    <testcase classname="createInfuraClient RPC methods supported by Infura and listed in the JSON-RPC spec eth_call given no block tag does not reuse the result of a previous request if it was `undefined`" name="createInfuraClient RPC methods supported by Infura and listed in the JSON-RPC spec eth_call given no block tag does not reuse the result of a previous request if it was `undefined`" time="0.009">
    </testcase>
    <testcase classname="createInfuraClient RPC methods supported by Infura and listed in the JSON-RPC spec eth_call given no block tag does not reuse the result of a previous request if it was `&lt;nil&gt;`" name="createInfuraClient RPC methods supported by Infura and listed in the JSON-RPC spec eth_call given no block tag does not reuse the result of a previous request if it was `&lt;nil&gt;`" time="0.013">
    </testcase>
    <testcase classname="createInfuraClient RPC methods supported by Infura and listed in the JSON-RPC spec eth_call given a block tag of &quot;latest&quot; does not hit Infura more than once for identical requests" name="createInfuraClient RPC methods supported by Infura and listed in the JSON-RPC spec eth_call given a block tag of &quot;latest&quot; does not hit Infura more than once for identical requests" time="0.004">
    </testcase>
    <testcase classname="createInfuraClient RPC methods supported by Infura and listed in the JSON-RPC spec eth_call given a block tag of &quot;latest&quot; hits Infura and does not reuse the result of a previous request if the latest block number was updated since" name="createInfuraClient RPC methods supported by Infura and listed in the JSON-RPC spec eth_call given a block tag of &quot;latest&quot; hits Infura and does not reuse the result of a previous request if the latest block number was updated since" time="0.011">
    </testcase>
    <testcase classname="createInfuraClient RPC methods supported by Infura and listed in the JSON-RPC spec eth_call given a block tag of &quot;latest&quot; does not reuse the result of a previous request if it was `null`" name="createInfuraClient RPC methods supported by Infura and listed in the JSON-RPC spec eth_call given a block tag of &quot;latest&quot; does not reuse the result of a previous request if it was `null`" time="0.012">
    </testcase>
    <testcase classname="createInfuraClient RPC methods supported by Infura and listed in the JSON-RPC spec eth_call given a block tag of &quot;latest&quot; does not reuse the result of a previous request if it was `undefined`" name="createInfuraClient RPC methods supported by Infura and listed in the JSON-RPC spec eth_call given a block tag of &quot;latest&quot; does not reuse the result of a previous request if it was `undefined`" time="0.007">
    </testcase>
    <testcase classname="createInfuraClient RPC methods supported by Infura and listed in the JSON-RPC spec eth_call given a block tag of &quot;latest&quot; does not reuse the result of a previous request if it was `&lt;nil&gt;`" name="createInfuraClient RPC methods supported by Infura and listed in the JSON-RPC spec eth_call given a block tag of &quot;latest&quot; does not reuse the result of a previous request if it was `&lt;nil&gt;`" time="0.008">
    </testcase>
    <testcase classname="createInfuraClient RPC methods supported by Infura and listed in the JSON-RPC spec eth_call given a block tag of &quot;earliest&quot; does not hit Infura more than once for identical requests" name="createInfuraClient RPC methods supported by Infura and listed in the JSON-RPC spec eth_call given a block tag of &quot;earliest&quot; does not hit Infura more than once for identical requests" time="0.002">
    </testcase>
    <testcase classname="createInfuraClient RPC methods supported by Infura and listed in the JSON-RPC spec eth_call given a block tag of &quot;earliest&quot; reuses the result of a previous request even if the latest block number was updated since" name="createInfuraClient RPC methods supported by Infura and listed in the JSON-RPC spec eth_call given a block tag of &quot;earliest&quot; reuses the result of a previous request even if the latest block number was updated since" time="0.004">
    </testcase>
    <testcase classname="createInfuraClient RPC methods supported by Infura and listed in the JSON-RPC spec eth_call given a block tag of &quot;earliest&quot; does not reuse the result of a previous request if it was `null`" name="createInfuraClient RPC methods supported by Infura and listed in the JSON-RPC spec eth_call given a block tag of &quot;earliest&quot; does not reuse the result of a previous request if it was `null`" time="0.003">
    </testcase>
    <testcase classname="createInfuraClient RPC methods supported by Infura and listed in the JSON-RPC spec eth_call given a block tag of &quot;earliest&quot; does not reuse the result of a previous request if it was `undefined`" name="createInfuraClient RPC methods supported by Infura and listed in the JSON-RPC spec eth_call given a block tag of &quot;earliest&quot; does not reuse the result of a previous request if it was `undefined`" time="0.003">
    </testcase>
    <testcase classname="createInfuraClient RPC methods supported by Infura and listed in the JSON-RPC spec eth_call given a block tag of &quot;earliest&quot; does not reuse the result of a previous request if it was `&lt;nil&gt;`" name="createInfuraClient RPC methods supported by Infura and listed in the JSON-RPC spec eth_call given a block tag of &quot;earliest&quot; does not reuse the result of a previous request if it was `&lt;nil&gt;`" time="0.006">
    </testcase>
    <testcase classname="createInfuraClient RPC methods supported by Infura and listed in the JSON-RPC spec eth_call given a block tag of &quot;earliest&quot; treats &quot;0x00&quot; as a synonym for &quot;earliest&quot;" name="createInfuraClient RPC methods supported by Infura and listed in the JSON-RPC spec eth_call given a block tag of &quot;earliest&quot; treats &quot;0x00&quot; as a synonym for &quot;earliest&quot;" time="0.009">
    </testcase>
    <testcase classname="createInfuraClient RPC methods supported by Infura and listed in the JSON-RPC spec eth_call given a block number does not hit Infura more than once for identical requests" name="createInfuraClient RPC methods supported by Infura and listed in the JSON-RPC spec eth_call given a block number does not hit Infura more than once for identical requests" time="0.006">
    </testcase>
    <testcase classname="createInfuraClient RPC methods supported by Infura and listed in the JSON-RPC spec eth_call given a block number reuses the result of a previous request even if the latest block number was updated since" name="createInfuraClient RPC methods supported by Infura and listed in the JSON-RPC spec eth_call given a block number reuses the result of a previous request even if the latest block number was updated since" time="0.002">
    </testcase>
    <testcase classname="createInfuraClient RPC methods supported by Infura and listed in the JSON-RPC spec eth_call given a block number does not reuse the result of a previous request if it was `null`" name="createInfuraClient RPC methods supported by Infura and listed in the JSON-RPC spec eth_call given a block number does not reuse the result of a previous request if it was `null`" time="0.007">
    </testcase>
    <testcase classname="createInfuraClient RPC methods supported by Infura and listed in the JSON-RPC spec eth_call given a block number does not reuse the result of a previous request if it was `undefined`" name="createInfuraClient RPC methods supported by Infura and listed in the JSON-RPC spec eth_call given a block number does not reuse the result of a previous request if it was `undefined`" time="0.011">
    </testcase>
    <testcase classname="createInfuraClient RPC methods supported by Infura and listed in the JSON-RPC spec eth_call given a block number does not reuse the result of a previous request if it was `&lt;nil&gt;`" name="createInfuraClient RPC methods supported by Infura and listed in the JSON-RPC spec eth_call given a block number does not reuse the result of a previous request if it was `&lt;nil&gt;`" time="0.003">
    </testcase>
    <testcase classname="createInfuraClient RPC methods supported by Infura and listed in the JSON-RPC spec eth_call given a block number does not reuse the result of a previous request if it was made with different arguments than this one" name="createInfuraClient RPC methods supported by Infura and listed in the JSON-RPC spec eth_call given a block number does not reuse the result of a previous request if it was made with different arguments than this one" time="0.002">
    </testcase>
    <testcase classname="createInfuraClient RPC methods supported by Infura and listed in the JSON-RPC spec eth_call given a block tag of &quot;pending&quot; hits Infura on all calls and does not cache anything" name="createInfuraClient RPC methods supported by Infura and listed in the JSON-RPC spec eth_call given a block tag of &quot;pending&quot; hits Infura on all calls and does not cache anything" time="0.003">
    </testcase>
    <testcase classname="createInfuraClient RPC methods supported by Infura and listed in the JSON-RPC spec eth_chainId does not hit Infura, instead returning the chain id that maps to the Infura network, as a hex string" name="createInfuraClient RPC methods supported by Infura and listed in the JSON-RPC spec eth_chainId does not hit Infura, instead returning the chain id that maps to the Infura network, as a hex string" time="0">
    </testcase>
    <testcase classname="createInfuraClient RPC methods supported by Infura and listed in the JSON-RPC spec eth_coinbase attempts to pass the request off to Infura" name="createInfuraClient RPC methods supported by Infura and listed in the JSON-RPC spec eth_coinbase attempts to pass the request off to Infura" time="0.004">
    </testcase>
    <testcase classname="createInfuraClient RPC methods supported by Infura and listed in the JSON-RPC spec eth_estimateGas does not hit Infura more than once for identical requests" name="createInfuraClient RPC methods supported by Infura and listed in the JSON-RPC spec eth_estimateGas does not hit Infura more than once for identical requests" time="0.003">
    </testcase>
    <testcase classname="createInfuraClient RPC methods supported by Infura and listed in the JSON-RPC spec eth_estimateGas hits Infura and does not reuse the result of a previous request if the latest block number was updated since" name="createInfuraClient RPC methods supported by Infura and listed in the JSON-RPC spec eth_estimateGas hits Infura and does not reuse the result of a previous request if the latest block number was updated since" time="0.004">
    </testcase>
    <testcase classname="createInfuraClient RPC methods supported by Infura and listed in the JSON-RPC spec eth_estimateGas does not reuse the result of a previous request if it was `null`" name="createInfuraClient RPC methods supported by Infura and listed in the JSON-RPC spec eth_estimateGas does not reuse the result of a previous request if it was `null`" time="0.003">
    </testcase>
    <testcase classname="createInfuraClient RPC methods supported by Infura and listed in the JSON-RPC spec eth_estimateGas does not reuse the result of a previous request if it was `undefined`" name="createInfuraClient RPC methods supported by Infura and listed in the JSON-RPC spec eth_estimateGas does not reuse the result of a previous request if it was `undefined`" time="0.004">
    </testcase>
    <testcase classname="createInfuraClient RPC methods supported by Infura and listed in the JSON-RPC spec eth_estimateGas does not reuse the result of a previous request if it was `&lt;nil&gt;`" name="createInfuraClient RPC methods supported by Infura and listed in the JSON-RPC spec eth_estimateGas does not reuse the result of a previous request if it was `&lt;nil&gt;`" time="0.004">
    </testcase>
    <testcase classname="createInfuraClient RPC methods supported by Infura and listed in the JSON-RPC spec eth_feeHistory attempts to pass the request off to Infura" name="createInfuraClient RPC methods supported by Infura and listed in the JSON-RPC spec eth_feeHistory attempts to pass the request off to Infura" time="0.003">
    </testcase>
    <testcase classname="createInfuraClient RPC methods supported by Infura and listed in the JSON-RPC spec eth_getBalance given no block tag does not hit Infura more than once for identical requests" name="createInfuraClient RPC methods supported by Infura and listed in the JSON-RPC spec eth_getBalance given no block tag does not hit Infura more than once for identical requests" time="0.004">
    </testcase>
    <testcase classname="createInfuraClient RPC methods supported by Infura and listed in the JSON-RPC spec eth_getBalance given no block tag hits Infura and does not reuse the result of a previous request if the latest block number was updated since" name="createInfuraClient RPC methods supported by Infura and listed in the JSON-RPC spec eth_getBalance given no block tag hits Infura and does not reuse the result of a previous request if the latest block number was updated since" time="0.009">
    </testcase>
    <testcase classname="createInfuraClient RPC methods supported by Infura and listed in the JSON-RPC spec eth_getBalance given no block tag does not reuse the result of a previous request if it was `null`" name="createInfuraClient RPC methods supported by Infura and listed in the JSON-RPC spec eth_getBalance given no block tag does not reuse the result of a previous request if it was `null`" time="0.005">
    </testcase>
    <testcase classname="createInfuraClient RPC methods supported by Infura and listed in the JSON-RPC spec eth_getBalance given no block tag does not reuse the result of a previous request if it was `undefined`" name="createInfuraClient RPC methods supported by Infura and listed in the JSON-RPC spec eth_getBalance given no block tag does not reuse the result of a previous request if it was `undefined`" time="0.005">
    </testcase>
    <testcase classname="createInfuraClient RPC methods supported by Infura and listed in the JSON-RPC spec eth_getBalance given no block tag does not reuse the result of a previous request if it was `&lt;nil&gt;`" name="createInfuraClient RPC methods supported by Infura and listed in the JSON-RPC spec eth_getBalance given no block tag does not reuse the result of a previous request if it was `&lt;nil&gt;`" time="0.009">
    </testcase>
    <testcase classname="createInfuraClient RPC methods supported by Infura and listed in the JSON-RPC spec eth_getBalance given a block tag of &quot;latest&quot; does not hit Infura more than once for identical requests" name="createInfuraClient RPC methods supported by Infura and listed in the JSON-RPC spec eth_getBalance given a block tag of &quot;latest&quot; does not hit Infura more than once for identical requests" time="0.007">
    </testcase>
    <testcase classname="createInfuraClient RPC methods supported by Infura and listed in the JSON-RPC spec eth_getBalance given a block tag of &quot;latest&quot; hits Infura and does not reuse the result of a previous request if the latest block number was updated since" name="createInfuraClient RPC methods supported by Infura and listed in the JSON-RPC spec eth_getBalance given a block tag of &quot;latest&quot; hits Infura and does not reuse the result of a previous request if the latest block number was updated since" time="0.004">
    </testcase>
    <testcase classname="createInfuraClient RPC methods supported by Infura and listed in the JSON-RPC spec eth_getBalance given a block tag of &quot;latest&quot; does not reuse the result of a previous request if it was `null`" name="createInfuraClient RPC methods supported by Infura and listed in the JSON-RPC spec eth_getBalance given a block tag of &quot;latest&quot; does not reuse the result of a previous request if it was `null`" time="0.012">
    </testcase>
    <testcase classname="createInfuraClient RPC methods supported by Infura and listed in the JSON-RPC spec eth_getBalance given a block tag of &quot;latest&quot; does not reuse the result of a previous request if it was `undefined`" name="createInfuraClient RPC methods supported by Infura and listed in the JSON-RPC spec eth_getBalance given a block tag of &quot;latest&quot; does not reuse the result of a previous request if it was `undefined`" time="0.01">
    </testcase>
    <testcase classname="createInfuraClient RPC methods supported by Infura and listed in the JSON-RPC spec eth_getBalance given a block tag of &quot;latest&quot; does not reuse the result of a previous request if it was `&lt;nil&gt;`" name="createInfuraClient RPC methods supported by Infura and listed in the JSON-RPC spec eth_getBalance given a block tag of &quot;latest&quot; does not reuse the result of a previous request if it was `&lt;nil&gt;`" time="0.006">
    </testcase>
    <testcase classname="createInfuraClient RPC methods supported by Infura and listed in the JSON-RPC spec eth_getBalance given a block tag of &quot;earliest&quot; does not hit Infura more than once for identical requests" name="createInfuraClient RPC methods supported by Infura and listed in the JSON-RPC spec eth_getBalance given a block tag of &quot;earliest&quot; does not hit Infura more than once for identical requests" time="0.002">
    </testcase>
    <testcase classname="createInfuraClient RPC methods supported by Infura and listed in the JSON-RPC spec eth_getBalance given a block tag of &quot;earliest&quot; reuses the result of a previous request even if the latest block number was updated since" name="createInfuraClient RPC methods supported by Infura and listed in the JSON-RPC spec eth_getBalance given a block tag of &quot;earliest&quot; reuses the result of a previous request even if the latest block number was updated since" time="0.001">
    </testcase>
    <testcase classname="createInfuraClient RPC methods supported by Infura and listed in the JSON-RPC spec eth_getBalance given a block tag of &quot;earliest&quot; does not reuse the result of a previous request if it was `null`" name="createInfuraClient RPC methods supported by Infura and listed in the JSON-RPC spec eth_getBalance given a block tag of &quot;earliest&quot; does not reuse the result of a previous request if it was `null`" time="0.004">
    </testcase>
    <testcase classname="createInfuraClient RPC methods supported by Infura and listed in the JSON-RPC spec eth_getBalance given a block tag of &quot;earliest&quot; does not reuse the result of a previous request if it was `undefined`" name="createInfuraClient RPC methods supported by Infura and listed in the JSON-RPC spec eth_getBalance given a block tag of &quot;earliest&quot; does not reuse the result of a previous request if it was `undefined`" time="0.008">
    </testcase>
    <testcase classname="createInfuraClient RPC methods supported by Infura and listed in the JSON-RPC spec eth_getBalance given a block tag of &quot;earliest&quot; does not reuse the result of a previous request if it was `&lt;nil&gt;`" name="createInfuraClient RPC methods supported by Infura and listed in the JSON-RPC spec eth_getBalance given a block tag of &quot;earliest&quot; does not reuse the result of a previous request if it was `&lt;nil&gt;`" time="0.004">
    </testcase>
    <testcase classname="createInfuraClient RPC methods supported by Infura and listed in the JSON-RPC spec eth_getBalance given a block tag of &quot;earliest&quot; treats &quot;0x00&quot; as a synonym for &quot;earliest&quot;" name="createInfuraClient RPC methods supported by Infura and listed in the JSON-RPC spec eth_getBalance given a block tag of &quot;earliest&quot; treats &quot;0x00&quot; as a synonym for &quot;earliest&quot;" time="0.001">
    </testcase>
    <testcase classname="createInfuraClient RPC methods supported by Infura and listed in the JSON-RPC spec eth_getBalance given a block number does not hit Infura more than once for identical requests" name="createInfuraClient RPC methods supported by Infura and listed in the JSON-RPC spec eth_getBalance given a block number does not hit Infura more than once for identical requests" time="0.002">
    </testcase>
    <testcase classname="createInfuraClient RPC methods supported by Infura and listed in the JSON-RPC spec eth_getBalance given a block number reuses the result of a previous request even if the latest block number was updated since" name="createInfuraClient RPC methods supported by Infura and listed in the JSON-RPC spec eth_getBalance given a block number reuses the result of a previous request even if the latest block number was updated since" time="0.003">
    </testcase>
    <testcase classname="createInfuraClient RPC methods supported by Infura and listed in the JSON-RPC spec eth_getBalance given a block number does not reuse the result of a previous request if it was `null`" name="createInfuraClient RPC methods supported by Infura and listed in the JSON-RPC spec eth_getBalance given a block number does not reuse the result of a previous request if it was `null`" time="0.005">
    </testcase>
    <testcase classname="createInfuraClient RPC methods supported by Infura and listed in the JSON-RPC spec eth_getBalance given a block number does not reuse the result of a previous request if it was `undefined`" name="createInfuraClient RPC methods supported by Infura and listed in the JSON-RPC spec eth_getBalance given a block number does not reuse the result of a previous request if it was `undefined`" time="0.004">
    </testcase>
    <testcase classname="createInfuraClient RPC methods supported by Infura and listed in the JSON-RPC spec eth_getBalance given a block number does not reuse the result of a previous request if it was `&lt;nil&gt;`" name="createInfuraClient RPC methods supported by Infura and listed in the JSON-RPC spec eth_getBalance given a block number does not reuse the result of a previous request if it was `&lt;nil&gt;`" time="0.009">
    </testcase>
    <testcase classname="createInfuraClient RPC methods supported by Infura and listed in the JSON-RPC spec eth_getBalance given a block number does not reuse the result of a previous request if it was made with different arguments than this one" name="createInfuraClient RPC methods supported by Infura and listed in the JSON-RPC spec eth_getBalance given a block number does not reuse the result of a previous request if it was made with different arguments than this one" time="0.004">
    </testcase>
    <testcase classname="createInfuraClient RPC methods supported by Infura and listed in the JSON-RPC spec eth_getBalance given a block tag of &quot;pending&quot; hits Infura on all calls and does not cache anything" name="createInfuraClient RPC methods supported by Infura and listed in the JSON-RPC spec eth_getBalance given a block tag of &quot;pending&quot; hits Infura on all calls and does not cache anything" time="0.003">
    </testcase>
    <testcase classname="createInfuraClient RPC methods supported by Infura and listed in the JSON-RPC spec eth_gasPrice does not hit Infura more than once for identical requests" name="createInfuraClient RPC methods supported by Infura and listed in the JSON-RPC spec eth_gasPrice does not hit Infura more than once for identical requests" time="0.001">
    </testcase>
    <testcase classname="createInfuraClient RPC methods supported by Infura and listed in the JSON-RPC spec eth_gasPrice hits Infura and does not reuse the result of a previous request if the latest block number was updated since" name="createInfuraClient RPC methods supported by Infura and listed in the JSON-RPC spec eth_gasPrice hits Infura and does not reuse the result of a previous request if the latest block number was updated since" time="0.012">
    </testcase>
    <testcase classname="createInfuraClient RPC methods supported by Infura and listed in the JSON-RPC spec eth_gasPrice does not reuse the result of a previous request if it was `null`" name="createInfuraClient RPC methods supported by Infura and listed in the JSON-RPC spec eth_gasPrice does not reuse the result of a previous request if it was `null`" time="0.007">
    </testcase>
    <testcase classname="createInfuraClient RPC methods supported by Infura and listed in the JSON-RPC spec eth_gasPrice does not reuse the result of a previous request if it was `undefined`" name="createInfuraClient RPC methods supported by Infura and listed in the JSON-RPC spec eth_gasPrice does not reuse the result of a previous request if it was `undefined`" time="0.006">
    </testcase>
    <testcase classname="createInfuraClient RPC methods supported by Infura and listed in the JSON-RPC spec eth_gasPrice does not reuse the result of a previous request if it was `&lt;nil&gt;`" name="createInfuraClient RPC methods supported by Infura and listed in the JSON-RPC spec eth_gasPrice does not reuse the result of a previous request if it was `&lt;nil&gt;`" time="0.003">
    </testcase>
    <testcase classname="createInfuraClient RPC methods supported by Infura and listed in the JSON-RPC spec eth_getBlockByHash does not hit Infura more than once for identical requests" name="createInfuraClient RPC methods supported by Infura and listed in the JSON-RPC spec eth_getBlockByHash does not hit Infura more than once for identical requests" time="0.002">
    </testcase>
    <testcase classname="createInfuraClient RPC methods supported by Infura and listed in the JSON-RPC spec eth_getBlockByHash hits Infura and does not reuse the result of a previous request if the latest block number was updated since" name="createInfuraClient RPC methods supported by Infura and listed in the JSON-RPC spec eth_getBlockByHash hits Infura and does not reuse the result of a previous request if the latest block number was updated since" time="0.014">
    </testcase>
    <testcase classname="createInfuraClient RPC methods supported by Infura and listed in the JSON-RPC spec eth_getBlockByHash does not reuse the result of a previous request if it was `null`" name="createInfuraClient RPC methods supported by Infura and listed in the JSON-RPC spec eth_getBlockByHash does not reuse the result of a previous request if it was `null`" time="0.002">
    </testcase>
    <testcase classname="createInfuraClient RPC methods supported by Infura and listed in the JSON-RPC spec eth_getBlockByHash does not reuse the result of a previous request if it was `undefined`" name="createInfuraClient RPC methods supported by Infura and listed in the JSON-RPC spec eth_getBlockByHash does not reuse the result of a previous request if it was `undefined`" time="0.005">
    </testcase>
    <testcase classname="createInfuraClient RPC methods supported by Infura and listed in the JSON-RPC spec eth_getBlockByHash does not reuse the result of a previous request if it was `&lt;nil&gt;`" name="createInfuraClient RPC methods supported by Infura and listed in the JSON-RPC spec eth_getBlockByHash does not reuse the result of a previous request if it was `&lt;nil&gt;`" time="0.005">
    </testcase>
    <testcase classname="createInfuraClient RPC methods supported by Infura and listed in the JSON-RPC spec eth_getBlockByNumber given no block tag does not hit Infura more than once for identical requests" name="createInfuraClient RPC methods supported by Infura and listed in the JSON-RPC spec eth_getBlockByNumber given no block tag does not hit Infura more than once for identical requests" time="0.003">
    </testcase>
    <testcase classname="createInfuraClient RPC methods supported by Infura and listed in the JSON-RPC spec eth_getBlockByNumber given no block tag hits Infura and does not reuse the result of a previous request if the latest block number was updated since" name="createInfuraClient RPC methods supported by Infura and listed in the JSON-RPC spec eth_getBlockByNumber given no block tag hits Infura and does not reuse the result of a previous request if the latest block number was updated since" time="0.007">
    </testcase>
    <testcase classname="createInfuraClient RPC methods supported by Infura and listed in the JSON-RPC spec eth_getBlockByNumber given no block tag does not reuse the result of a previous request if it was `null`" name="createInfuraClient RPC methods supported by Infura and listed in the JSON-RPC spec eth_getBlockByNumber given no block tag does not reuse the result of a previous request if it was `null`" time="0.007">
    </testcase>
    <testcase classname="createInfuraClient RPC methods supported by Infura and listed in the JSON-RPC spec eth_getBlockByNumber given no block tag does not reuse the result of a previous request if it was `undefined`" name="createInfuraClient RPC methods supported by Infura and listed in the JSON-RPC spec eth_getBlockByNumber given no block tag does not reuse the result of a previous request if it was `undefined`" time="0.006">
    </testcase>
    <testcase classname="createInfuraClient RPC methods supported by Infura and listed in the JSON-RPC spec eth_getBlockByNumber given no block tag does not reuse the result of a previous request if it was `&lt;nil&gt;`" name="createInfuraClient RPC methods supported by Infura and listed in the JSON-RPC spec eth_getBlockByNumber given no block tag does not reuse the result of a previous request if it was `&lt;nil&gt;`" time="0.008">
    </testcase>
    <testcase classname="createInfuraClient RPC methods supported by Infura and listed in the JSON-RPC spec eth_getBlockByNumber given a block tag of &quot;latest&quot; does not hit Infura more than once for identical requests" name="createInfuraClient RPC methods supported by Infura and listed in the JSON-RPC spec eth_getBlockByNumber given a block tag of &quot;latest&quot; does not hit Infura more than once for identical requests" time="0.006">
    </testcase>
    <testcase classname="createInfuraClient RPC methods supported by Infura and listed in the JSON-RPC spec eth_getBlockByNumber given a block tag of &quot;latest&quot; hits Infura and does not reuse the result of a previous request if the latest block number was updated since" name="createInfuraClient RPC methods supported by Infura and listed in the JSON-RPC spec eth_getBlockByNumber given a block tag of &quot;latest&quot; hits Infura and does not reuse the result of a previous request if the latest block number was updated since" time="0.011">
    </testcase>
    <testcase classname="createInfuraClient RPC methods supported by Infura and listed in the JSON-RPC spec eth_getBlockByNumber given a block tag of &quot;latest&quot; does not reuse the result of a previous request if it was `null`" name="createInfuraClient RPC methods supported by Infura and listed in the JSON-RPC spec eth_getBlockByNumber given a block tag of &quot;latest&quot; does not reuse the result of a previous request if it was `null`" time="0.004">
    </testcase>
    <testcase classname="createInfuraClient RPC methods supported by Infura and listed in the JSON-RPC spec eth_getBlockByNumber given a block tag of &quot;latest&quot; does not reuse the result of a previous request if it was `undefined`" name="createInfuraClient RPC methods supported by Infura and listed in the JSON-RPC spec eth_getBlockByNumber given a block tag of &quot;latest&quot; does not reuse the result of a previous request if it was `undefined`" time="0.006">
    </testcase>
    <testcase classname="createInfuraClient RPC methods supported by Infura and listed in the JSON-RPC spec eth_getBlockByNumber given a block tag of &quot;latest&quot; does not reuse the result of a previous request if it was `&lt;nil&gt;`" name="createInfuraClient RPC methods supported by Infura and listed in the JSON-RPC spec eth_getBlockByNumber given a block tag of &quot;latest&quot; does not reuse the result of a previous request if it was `&lt;nil&gt;`" time="0.007">
    </testcase>
    <testcase classname="createInfuraClient RPC methods supported by Infura and listed in the JSON-RPC spec eth_getBlockByNumber given a block tag of &quot;earliest&quot; does not hit Infura more than once for identical requests" name="createInfuraClient RPC methods supported by Infura and listed in the JSON-RPC spec eth_getBlockByNumber given a block tag of &quot;earliest&quot; does not hit Infura more than once for identical requests" time="0.002">
    </testcase>
    <testcase classname="createInfuraClient RPC methods supported by Infura and listed in the JSON-RPC spec eth_getBlockByNumber given a block tag of &quot;earliest&quot; reuses the result of a previous request even if the latest block number was updated since" name="createInfuraClient RPC methods supported by Infura and listed in the JSON-RPC spec eth_getBlockByNumber given a block tag of &quot;earliest&quot; reuses the result of a previous request even if the latest block number was updated since" time="0.002">
    </testcase>
    <testcase classname="createInfuraClient RPC methods supported by Infura and listed in the JSON-RPC spec eth_getBlockByNumber given a block tag of &quot;earliest&quot; does not reuse the result of a previous request if it was `null`" name="createInfuraClient RPC methods supported by Infura and listed in the JSON-RPC spec eth_getBlockByNumber given a block tag of &quot;earliest&quot; does not reuse the result of a previous request if it was `null`" time="0.002">
    </testcase>
    <testcase classname="createInfuraClient RPC methods supported by Infura and listed in the JSON-RPC spec eth_getBlockByNumber given a block tag of &quot;earliest&quot; does not reuse the result of a previous request if it was `undefined`" name="createInfuraClient RPC methods supported by Infura and listed in the JSON-RPC spec eth_getBlockByNumber given a block tag of &quot;earliest&quot; does not reuse the result of a previous request if it was `undefined`" time="0.003">
    </testcase>
    <testcase classname="createInfuraClient RPC methods supported by Infura and listed in the JSON-RPC spec eth_getBlockByNumber given a block tag of &quot;earliest&quot; does not reuse the result of a previous request if it was `&lt;nil&gt;`" name="createInfuraClient RPC methods supported by Infura and listed in the JSON-RPC spec eth_getBlockByNumber given a block tag of &quot;earliest&quot; does not reuse the result of a previous request if it was `&lt;nil&gt;`" time="0.002">
    </testcase>
    <testcase classname="createInfuraClient RPC methods supported by Infura and listed in the JSON-RPC spec eth_getBlockByNumber given a block tag of &quot;earliest&quot; treats &quot;0x00&quot; as a synonym for &quot;earliest&quot;" name="createInfuraClient RPC methods supported by Infura and listed in the JSON-RPC spec eth_getBlockByNumber given a block tag of &quot;earliest&quot; treats &quot;0x00&quot; as a synonym for &quot;earliest&quot;" time="0.008">
    </testcase>
    <testcase classname="createInfuraClient RPC methods supported by Infura and listed in the JSON-RPC spec eth_getBlockByNumber given a block number does not hit Infura more than once for identical requests" name="createInfuraClient RPC methods supported by Infura and listed in the JSON-RPC spec eth_getBlockByNumber given a block number does not hit Infura more than once for identical requests" time="0.002">
    </testcase>
    <testcase classname="createInfuraClient RPC methods supported by Infura and listed in the JSON-RPC spec eth_getBlockByNumber given a block number reuses the result of a previous request even if the latest block number was updated since" name="createInfuraClient RPC methods supported by Infura and listed in the JSON-RPC spec eth_getBlockByNumber given a block number reuses the result of a previous request even if the latest block number was updated since" time="0.01">
    </testcase>
    <testcase classname="createInfuraClient RPC methods supported by Infura and listed in the JSON-RPC spec eth_getBlockByNumber given a block number does not reuse the result of a previous request if it was `null`" name="createInfuraClient RPC methods supported by Infura and listed in the JSON-RPC spec eth_getBlockByNumber given a block number does not reuse the result of a previous request if it was `null`" time="0.006">
    </testcase>
    <testcase classname="createInfuraClient RPC methods supported by Infura and listed in the JSON-RPC spec eth_getBlockByNumber given a block number does not reuse the result of a previous request if it was `undefined`" name="createInfuraClient RPC methods supported by Infura and listed in the JSON-RPC spec eth_getBlockByNumber given a block number does not reuse the result of a previous request if it was `undefined`" time="0.007">
    </testcase>
    <testcase classname="createInfuraClient RPC methods supported by Infura and listed in the JSON-RPC spec eth_getBlockByNumber given a block number does not reuse the result of a previous request if it was `&lt;nil&gt;`" name="createInfuraClient RPC methods supported by Infura and listed in the JSON-RPC spec eth_getBlockByNumber given a block number does not reuse the result of a previous request if it was `&lt;nil&gt;`" time="0.004">
    </testcase>
    <testcase classname="createInfuraClient RPC methods supported by Infura and listed in the JSON-RPC spec eth_getBlockByNumber given a block number does not reuse the result of a previous request if it was made with different arguments than this one" name="createInfuraClient RPC methods supported by Infura and listed in the JSON-RPC spec eth_getBlockByNumber given a block number does not reuse the result of a previous request if it was made with different arguments than this one" time="0.005">
    </testcase>
    <testcase classname="createInfuraClient RPC methods supported by Infura and listed in the JSON-RPC spec eth_getBlockByNumber given a block tag of &quot;pending&quot; hits Infura on all calls and does not cache anything" name="createInfuraClient RPC methods supported by Infura and listed in the JSON-RPC spec eth_getBlockByNumber given a block tag of &quot;pending&quot; hits Infura on all calls and does not cache anything" time="0.009">
    </testcase>
    <testcase classname="createInfuraClient RPC methods supported by Infura and listed in the JSON-RPC spec eth_getBlockTransactionCountByHash does not hit Infura more than once for identical requests" name="createInfuraClient RPC methods supported by Infura and listed in the JSON-RPC spec eth_getBlockTransactionCountByHash does not hit Infura more than once for identical requests" time="0.002">
    </testcase>
    <testcase classname="createInfuraClient RPC methods supported by Infura and listed in the JSON-RPC spec eth_getBlockTransactionCountByHash hits Infura and does not reuse the result of a previous request if the latest block number was updated since" name="createInfuraClient RPC methods supported by Infura and listed in the JSON-RPC spec eth_getBlockTransactionCountByHash hits Infura and does not reuse the result of a previous request if the latest block number was updated since" time="0.003">
    </testcase>
    <testcase classname="createInfuraClient RPC methods supported by Infura and listed in the JSON-RPC spec eth_getBlockTransactionCountByHash does not reuse the result of a previous request if it was `null`" name="createInfuraClient RPC methods supported by Infura and listed in the JSON-RPC spec eth_getBlockTransactionCountByHash does not reuse the result of a previous request if it was `null`" time="0.002">
    </testcase>
    <testcase classname="createInfuraClient RPC methods supported by Infura and listed in the JSON-RPC spec eth_getBlockTransactionCountByHash does not reuse the result of a previous request if it was `undefined`" name="createInfuraClient RPC methods supported by Infura and listed in the JSON-RPC spec eth_getBlockTransactionCountByHash does not reuse the result of a previous request if it was `undefined`" time="0.002">
    </testcase>
    <testcase classname="createInfuraClient RPC methods supported by Infura and listed in the JSON-RPC spec eth_getBlockTransactionCountByHash does not reuse the result of a previous request if it was `&lt;nil&gt;`" name="createInfuraClient RPC methods supported by Infura and listed in the JSON-RPC spec eth_getBlockTransactionCountByHash does not reuse the result of a previous request if it was `&lt;nil&gt;`" time="0.002">
    </testcase>
    <testcase classname="createInfuraClient RPC methods supported by Infura and listed in the JSON-RPC spec eth_getBlockTransactionCountByNumber does not hit Infura more than once for identical requests" name="createInfuraClient RPC methods supported by Infura and listed in the JSON-RPC spec eth_getBlockTransactionCountByNumber does not hit Infura more than once for identical requests" time="0.005">
    </testcase>
    <testcase classname="createInfuraClient RPC methods supported by Infura and listed in the JSON-RPC spec eth_getBlockTransactionCountByNumber hits Infura and does not reuse the result of a previous request if the latest block number was updated since" name="createInfuraClient RPC methods supported by Infura and listed in the JSON-RPC spec eth_getBlockTransactionCountByNumber hits Infura and does not reuse the result of a previous request if the latest block number was updated since" time="0.007">
    </testcase>
    <testcase classname="createInfuraClient RPC methods supported by Infura and listed in the JSON-RPC spec eth_getBlockTransactionCountByNumber does not reuse the result of a previous request if it was `null`" name="createInfuraClient RPC methods supported by Infura and listed in the JSON-RPC spec eth_getBlockTransactionCountByNumber does not reuse the result of a previous request if it was `null`" time="0.007">
    </testcase>
    <testcase classname="createInfuraClient RPC methods supported by Infura and listed in the JSON-RPC spec eth_getBlockTransactionCountByNumber does not reuse the result of a previous request if it was `undefined`" name="createInfuraClient RPC methods supported by Infura and listed in the JSON-RPC spec eth_getBlockTransactionCountByNumber does not reuse the result of a previous request if it was `undefined`" time="0.002">
    </testcase>
    <testcase classname="createInfuraClient RPC methods supported by Infura and listed in the JSON-RPC spec eth_getBlockTransactionCountByNumber does not reuse the result of a previous request if it was `&lt;nil&gt;`" name="createInfuraClient RPC methods supported by Infura and listed in the JSON-RPC spec eth_getBlockTransactionCountByNumber does not reuse the result of a previous request if it was `&lt;nil&gt;`" time="0.004">
    </testcase>
    <testcase classname="createInfuraClient RPC methods supported by Infura and listed in the JSON-RPC spec eth_getCode given no block tag does not hit Infura more than once for identical requests" name="createInfuraClient RPC methods supported by Infura and listed in the JSON-RPC spec eth_getCode given no block tag does not hit Infura more than once for identical requests" time="0.006">
    </testcase>
    <testcase classname="createInfuraClient RPC methods supported by Infura and listed in the JSON-RPC spec eth_getCode given no block tag hits Infura and does not reuse the result of a previous request if the latest block number was updated since" name="createInfuraClient RPC methods supported by Infura and listed in the JSON-RPC spec eth_getCode given no block tag hits Infura and does not reuse the result of a previous request if the latest block number was updated since" time="0.005">
    </testcase>
    <testcase classname="createInfuraClient RPC methods supported by Infura and listed in the JSON-RPC spec eth_getCode given no block tag does not reuse the result of a previous request if it was `null`" name="createInfuraClient RPC methods supported by Infura and listed in the JSON-RPC spec eth_getCode given no block tag does not reuse the result of a previous request if it was `null`" time="0.004">
    </testcase>
    <testcase classname="createInfuraClient RPC methods supported by Infura and listed in the JSON-RPC spec eth_getCode given no block tag does not reuse the result of a previous request if it was `undefined`" name="createInfuraClient RPC methods supported by Infura and listed in the JSON-RPC spec eth_getCode given no block tag does not reuse the result of a previous request if it was `undefined`" time="0.006">
    </testcase>
    <testcase classname="createInfuraClient RPC methods supported by Infura and listed in the JSON-RPC spec eth_getCode given no block tag does not reuse the result of a previous request if it was `&lt;nil&gt;`" name="createInfuraClient RPC methods supported by Infura and listed in the JSON-RPC spec eth_getCode given no block tag does not reuse the result of a previous request if it was `&lt;nil&gt;`" time="0.004">
    </testcase>
    <testcase classname="createInfuraClient RPC methods supported by Infura and listed in the JSON-RPC spec eth_getCode given a block tag of &quot;latest&quot; does not hit Infura more than once for identical requests" name="createInfuraClient RPC methods supported by Infura and listed in the JSON-RPC spec eth_getCode given a block tag of &quot;latest&quot; does not hit Infura more than once for identical requests" time="0.002">
    </testcase>
[...]
    </testcase>
  </testsuite>
  <testsuite name="Migration to delete notice controller" errors="0" failures="0" skipped="0" timestamp="2022-09-23T13:22:58" time="0.681" tests="1">
    <testcase classname="Migration to delete notice controller removes notice controller from state" name="Migration to delete notice controller removes notice controller from state" time="0.001">
    </testcase>
  </testsuite>
  <testsuite name="migration #51" errors="0" failures="0" skipped="0" timestamp="2022-09-23T13:22:58" time="0.77" tests="15">
    <testcase classname="migration #51 should update the version metadata" name="migration #51 should update the version metadata" time="0.002">
    </testcase>
    <testcase classname="migration #51 setting chainId should correctly set the chainId for the Infura network &quot;ropsten&quot;, if no chainId is set" name="migration #51 setting chainId should correctly set the chainId for the Infura network &quot;ropsten&quot;, if no chainId is set" time="0">
    </testcase>
    <testcase classname="migration #51 setting chainId should correctly set the chainId for the Infura network &quot;ropsten&quot;, if an incorrect chainId is set" name="migration #51 setting chainId should correctly set the chainId for the Infura network &quot;ropsten&quot;, if an incorrect chainId is set" time="0.001">
    </testcase>
    <testcase classname="migration #51 setting chainId should correctly set the chainId for the Infura network &quot;rinkeby&quot;, if no chainId is set" name="migration #51 setting chainId should correctly set the chainId for the Infura network &quot;rinkeby&quot;, if no chainId is set" time="0">
    </testcase>
    <testcase classname="migration #51 setting chainId should correctly set the chainId for the Infura network &quot;rinkeby&quot;, if an incorrect chainId is set" name="migration #51 setting chainId should correctly set the chainId for the Infura network &quot;rinkeby&quot;, if an incorrect chainId is set" time="0">
    </testcase>
    <testcase classname="migration #51 setting chainId should correctly set the chainId for the Infura network &quot;kovan&quot;, if no chainId is set" name="migration #51 setting chainId should correctly set the chainId for the Infura network &quot;kovan&quot;, if no chainId is set" time="0">
    </testcase>
    <testcase classname="migration #51 setting chainId should correctly set the chainId for the Infura network &quot;kovan&quot;, if an incorrect chainId is set" name="migration #51 setting chainId should correctly set the chainId for the Infura network &quot;kovan&quot;, if an incorrect chainId is set" time="0.001">
    </testcase>
    <testcase classname="migration #51 setting chainId should correctly set the chainId for the Infura network &quot;mainnet&quot;, if no chainId is set" name="migration #51 setting chainId should correctly set the chainId for the Infura network &quot;mainnet&quot;, if no chainId is set" time="0">
    </testcase>
    <testcase classname="migration #51 setting chainId should correctly set the chainId for the Infura network &quot;mainnet&quot;, if an incorrect chainId is set" name="migration #51 setting chainId should correctly set the chainId for the Infura network &quot;mainnet&quot;, if an incorrect chainId is set" time="0">
    </testcase>
    <testcase classname="migration #51 setting chainId should correctly set the chainId for the Infura network &quot;goerli&quot;, if no chainId is set" name="migration #51 setting chainId should correctly set the chainId for the Infura network &quot;goerli&quot;, if no chainId is set" time="0">
    </testcase>
    <testcase classname="migration #51 setting chainId should correctly set the chainId for the Infura network &quot;goerli&quot;, if an incorrect chainId is set" name="migration #51 setting chainId should correctly set the chainId for the Infura network &quot;goerli&quot;, if an incorrect chainId is set" time="0">
    </testcase>
    <testcase classname="migration #51 setting chainId should correctly set the chainId for the Infura network &quot;sepolia&quot;, if no chainId is set" name="migration #51 setting chainId should correctly set the chainId for the Infura network &quot;sepolia&quot;, if no chainId is set" time="0">
    </testcase>
    <testcase classname="migration #51 setting chainId should correctly set the chainId for the Infura network &quot;sepolia&quot;, if an incorrect chainId is set" name="migration #51 setting chainId should correctly set the chainId for the Infura network &quot;sepolia&quot;, if an incorrect chainId is set" time="0.001">
    </testcase>
    <testcase classname="migration #51 setting chainId should not set the chainId for a non-Infura network that does not have chainId set" name="migration #51 setting chainId should not set the chainId for a non-Infura network that does not have chainId set" time="0">
    </testcase>
    <testcase classname="migration #51 setting chainId should not set the chainId for a non-Infura network that does have chainId set" name="migration #51 setting chainId should not set the chainId for a non-Infura network that does have chainId set" time="0">
    </testcase>
  </testsuite>
  <testsuite name="migration #64" errors="0" failures="0" skipped="0" timestamp="2022-09-23T13:22:58" time="0.805" tests="6">
    <testcase classname="migration #64 should update the version metadata" name="migration #64 should update the version metadata" time="0.003">
    </testcase>
    <testcase classname="migration #64 should do nothing if transactions state does not exist" name="migration #64 should do nothing if transactions state does not exist" time="0">
    </testcase>
    <testcase classname="migration #64 should do nothing if transactions state is empty" name="migration #64 should do nothing if transactions state is empty" time="0.001">
    </testcase>
    <testcase classname="migration #64 should do nothing if transactions state is not an object" name="migration #64 should do nothing if transactions state is not an object" time="0">
    </testcase>
    <testcase classname="migration #64 should do nothing if state is empty" name="migration #64 should do nothing if state is empty" time="0">
    </testcase>
    <testcase classname="migration #64 should change action type of &quot;sentEther&quot; to &quot;simpleSend&quot; for any transactions and transaction history events in transactionsController.transactions" name="migration #64 should change action type of &quot;sentEther&quot; to &quot;simpleSend&quot; for any transactions and transaction history events in transactionsController.transactions" time="0.001">
    </testcase>
  </testsuite>
  <testsuite name="migration #38" errors="0" failures="0" skipped="0" timestamp="2022-09-23T13:22:59" time="0.74" tests="3">
    <testcase classname="migration #38 should update the version metadata" name="migration #38 should update the version metadata" time="0.002">
    </testcase>
    <testcase classname="migration #38 should add a fullScreenVsPopup property set to either &quot;control&quot; or &quot;fullScreen&quot;" name="migration #38 should add a fullScreenVsPopup property set to either &quot;control&quot; or &quot;fullScreen&quot;" time="0.001">
    </testcase>
    <testcase classname="migration #38 should leave the fullScreenVsPopup property unchanged if it exists" name="migration #38 should leave the fullScreenVsPopup property unchanged if it exists" time="0">
    </testcase>
  </testsuite>
  <testsuite name="storage is migrated successfully and the txParams.from are lowercase" errors="0" failures="0" skipped="0" timestamp="2022-09-23T13:22:59" time="0.703" tests="2">
    <testcase classname="storage is migrated successfully and the txParams.from are lowercase should lowercase the from for unapproved txs" name="storage is migrated successfully and the txParams.from are lowercase should lowercase the from for unapproved txs" time="0.002">
    </testcase>
    <testcase classname="storage is migrated successfully and the txParams.from are lowercase should migrate first time state" name="storage is migrated successfully and the txParams.from are lowercase should migrate first time state" time="0">
    </testcase>
  </testsuite>
  <testsuite name="migration #53" errors="0" failures="0" skipped="0" timestamp="2022-09-23T13:22:59" time="0.798" tests="5">
    <testcase classname="migration #53 should update the version metadata" name="migration #53 should update the version metadata" time="0.002">
    </testcase>
    <testcase classname="migration #53 should update type of standard transactions" name="migration #53 should update type of standard transactions" time="0.002">
    </testcase>
    <testcase classname="migration #53 should do nothing if transactions state does not exist" name="migration #53 should do nothing if transactions state does not exist" time="0.001">
    </testcase>
    <testcase classname="migration #53 should do nothing if transactions state is empty" name="migration #53 should do nothing if transactions state is empty" time="0">
    </testcase>
    <testcase classname="migration #53 should do nothing if state is empty" name="migration #53 should do nothing if state is empty" time="0">
    </testcase>
  </testsuite>
  <testsuite name="migration #65" errors="0" failures="0" skipped="0" timestamp="2022-09-23T13:22:59" time="0.753" tests="6">
    <testcase classname="migration #65 should update the version metadata" name="migration #65 should update the version metadata" time="0.002">
    </testcase>
    <testcase classname="migration #65 should move completedOnboarding from PreferencesController to OnboardingController when completedOnboarding is true" name="migration #65 should move completedOnboarding from PreferencesController to OnboardingController when completedOnboarding is true" time="0">
    </testcase>
    <testcase classname="migration #65 should move completedOnboarding from PreferencesController to OnboardingController when completedOnboarding is false" name="migration #65 should move completedOnboarding from PreferencesController to OnboardingController when completedOnboarding is false" time="0.001">
    </testcase>
    <testcase classname="migration #65 should move firstTimeFlowType from PreferencesController to OnboardingController when firstTimeFlowType is truthy" name="migration #65 should move firstTimeFlowType from PreferencesController to OnboardingController when firstTimeFlowType is truthy" time="0">
    </testcase>
    <testcase classname="migration #65 should move firstTimeFlowType from PreferencesController to OnboardingController when firstTimeFlowType is falsy" name="migration #65 should move firstTimeFlowType from PreferencesController to OnboardingController when firstTimeFlowType is falsy" time="0">
    </testcase>
    <testcase classname="migration #65 should not modify PreferencesController or OnboardingController when completedOnboarding and firstTimeFlowType are undefined" name="migration #65 should not modify PreferencesController or OnboardingController when completedOnboarding and firstTimeFlowType are undefined" time="0">
    </testcase>
  </testsuite>
  <testsuite name="migration #45" errors="0" failures="0" skipped="0" timestamp="2022-09-23T13:22:59" time="1.418" tests="4">
    <testcase classname="migration #45 should update the version metadata" name="migration #45 should update the version metadata" time="0.002">
    </testcase>
    <testcase classname="migration #45 should update ipfsGateway value if outdated" name="migration #45 should update ipfsGateway value if outdated" time="0.001">
    </testcase>
    <testcase classname="migration #45 should not update ipfsGateway value if custom set" name="migration #45 should not update ipfsGateway value if custom set" time="0">
    </testcase>
    <testcase classname="migration #45 should do nothing if no PreferencesController key" name="migration #45 should do nothing if no PreferencesController key" time="0.001">
    </testcase>
  </testsuite>
  <testsuite name="wallet2 is migrated successfully with out the BlacklistController" errors="0" failures="0" skipped="0" timestamp="2022-09-23T13:22:59" time="1.427" tests="1">
    <testcase classname="wallet2 is migrated successfully with out the BlacklistController should delete BlacklistController key" name="wallet2 is migrated successfully with out the BlacklistController should delete BlacklistController key" time="0.003">
    </testcase>
  </testsuite>
  <testsuite name="storage is migrated successfully where transactions that are submitted have submittedTimes" errors="0" failures="0" skipped="0" timestamp="2022-09-23T13:23:00" time="0.728" tests="1">
    <testcase classname="storage is migrated successfully where transactions that are submitted have submittedTimes should auto fail transactions more than 12 hours old" name="storage is migrated successfully where transactions that are submitted have submittedTimes should auto fail transactions more than 12 hours old" time="0.002">
    </testcase>
  </testsuite>
  <testsuite name="storage is migrated successfully" errors="0" failures="0" skipped="0" timestamp="2022-09-23T13:23:00" time="0.709" tests="1">
    <testcase classname="storage is migrated successfully should work" name="storage is migrated successfully should work" time="0.002">
    </testcase>
  </testsuite>
  <testsuite name="quoteDataRows" errors="0" failures="0" skipped="0" timestamp="2022-09-23T13:22:59" time="1.413" tests="1">
    <testcase classname="quoteDataRows matches expected values for quoteDataRows" name="quoteDataRows matches expected values for quoteDataRows" time="0.001">
    </testcase>
  </testsuite>
  <testsuite name="migration #67" errors="0" failures="0" skipped="0" timestamp="2022-09-23T13:23:00" time="0.672" tests="6">
    <testcase classname="migration #67 should update the version metadata" name="migration #67 should update the version metadata" time="0.001">
    </testcase>
    <testcase classname="migration #67 should set showTestNetworks to true if the user is currently on a test network" name="migration #67 should set showTestNetworks to true if the user is currently on a test network" time="0.001">
    </testcase>
    <testcase classname="migration #67 should set showTestNetworks to true if there is a transaction on a test network in state" name="migration #67 should set showTestNetworks to true if there is a transaction on a test network in state" time="0">
    </testcase>
    <testcase classname="migration #67 should set showTestNetworks to true if the user has a cached balance on a test network" name="migration #67 should set showTestNetworks to true if the user has a cached balance on a test network" time="0.003">
    </testcase>
    <testcase classname="migration #67 should leave showTestNetworks false if there is no evidence of test network usage" name="migration #67 should leave showTestNetworks false if there is no evidence of test network usage" time="0.001">
    </testcase>
    <testcase classname="migration #67 should leave showTestNetworks true if it was true but there is no evidence of test network usage" name="migration #67 should leave showTestNetworks true if it was true but there is no evidence of test network usage" time="0">
    </testcase>
  </testsuite>
  <testsuite name="PermissionController selectors" errors="0" failures="0" skipped="0" timestamp="2022-09-23T13:23:01" time="0.606" tests="4">
    <testcase classname="PermissionController selectors getChangedAccounts returns the new value if the previous value is undefined" name="PermissionController selectors getChangedAccounts returns the new value if the previous value is undefined" time="0.001">
    </testcase>
    <testcase classname="PermissionController selectors getChangedAccounts returns an empty map if the new and previous values are the same" name="PermissionController selectors getChangedAccounts returns an empty map if the new and previous values are the same" time="0">
    </testcase>
    <testcase classname="PermissionController selectors getChangedAccounts returns a new map of the changed accounts if the new and previous values differ" name="PermissionController selectors getChangedAccounts returns a new map of the changed accounts if the new and previous values differ" time="0.001">
    </testcase>
    <testcase classname="PermissionController selectors getPermittedAccountsByOrigin memoizes and gets permitted accounts by origin" name="PermissionController selectors getPermittedAccountsByOrigin memoizes and gets permitted accounts by origin" time="0.001">
    </testcase>
  </testsuite>
  <testsuite name="migration #60" errors="0" failures="0" skipped="0" timestamp="2022-09-23T13:23:01" time="0.608" tests="6">
    <testcase classname="migration #60 should update the version metadata" name="migration #60 should update the version metadata" time="0.001">
    </testcase>
    <testcase classname="migration #60 prunes the support notification" name="migration #60 prunes the support notification" time="0">
    </testcase>
    <testcase classname="migration #60 does not modify state when the support notification does not exist" name="migration #60 does not modify state when the support notification does not exist" time="0.001">
    </testcase>
    <testcase classname="migration #60 does not modify state when NotificationsController is undefined" name="migration #60 does not modify state when NotificationsController is undefined" time="0">
    </testcase>
    <testcase classname="migration #60 does not modify state when notifications are undefined" name="migration #60 does not modify state when notifications are undefined" time="0">
    </testcase>
    <testcase classname="migration #60 does not modify state when notifications are not an object" name="migration #60 does not modify state when notifications are not an object" time="0">
    </testcase>
  </testsuite>
  <testsuite name="migration #46" errors="0" failures="0" skipped="0" timestamp="2022-09-23T13:23:00" time="1.179" tests="3">
    <testcase classname="migration #46 should update the version metadata" name="migration #46 should update the version metadata" time="0.001">
    </testcase>
    <testcase classname="migration #46 should delete ABTestController state" name="migration #46 should delete ABTestController state" time="0">
    </testcase>
    <testcase classname="migration #46 should do nothing if ABTestController state does not exist" name="migration #46 should do nothing if ABTestController state does not exist" time="0.001">
    </testcase>
  </testsuite>
  <testsuite name="migration #36" errors="0" failures="0" skipped="0" timestamp="2022-09-23T13:23:00" time="1.231" tests="6">
    <testcase classname="migration #36 should update the version metadata" name="migration #36 should update the version metadata" time="0.001">
    </testcase>
    <testcase classname="migration #36 should remove privacyMode if featureFlags.privacyMode was false" name="migration #36 should remove privacyMode if featureFlags.privacyMode was false" time="0">
    </testcase>
    <testcase classname="migration #36 should remove privacyMode if featureFlags.privacyMode was true" name="migration #36 should remove privacyMode if featureFlags.privacyMode was true" time="0">
    </testcase>
    <testcase classname="migration #36 should NOT change any state if privacyMode does not exist" name="migration #36 should NOT change any state if privacyMode does not exist" time="0.001">
    </testcase>
    <testcase classname="migration #36 should NOT change any state if PreferencesController is missing" name="migration #36 should NOT change any state if PreferencesController is missing" time="0">
    </testcase>
    <testcase classname="migration #36 should NOT change any state if featureFlags is missing" name="migration #36 should NOT change any state if featureFlags is missing" time="0">
    </testcase>
  </testsuite>
</testsuites>